<?xml version="1.0" encoding="UTF-8"?>
<!-- Generated by org.testng.reporters.JUnitXMLReporter -->
<testsuite ignored="0" hostname="LAPTOP-LP5B192O" failures="0" tests="9" name="All Suite" time="7.442" errors="0" timestamp="2025-09-03T00:19:50 IDT">
  <testcase classname="controlup.automation.ui.tests.VerifyCartBadgeTest" name="cartBadgeShouldShowOneAfterAddingFirstItem" time="2.061"/>
  <testcase classname="controlup.automation.api.tests.VerifyAirportCountTest" name="verifyAirportsCount" time="0.509"/>
  <testcase classname="controlup.automation.api.tests.VerifyAirportCountTest" name="verifyAirportsInvalidEndpointReturns404" time="0.46"/>
  <testcase classname="controlup.automation.ui.tests.VerifyInventoryItemsTest" name="verifyInventoryHasSixItems" time="1.954"/>
  <testcase classname="controlup.automation.api.tests.VerifyAirportDistanceTest" name="verifyDistanceInvalidCodeReturns422" time="0.466"/>
  <testcase classname="controlup.automation.api.tests.VerifyAirportDistanceTest" name="verifyDistanceKixToNrt" time="0.486"/>
  <testcase classname="controlup.automation.api.tests.VerifyAirportDistanceTest" name="verifyDistanceMissingParamReturns422" time="0.489"/>
  <testcase classname="controlup.automation.api.tests.VerifySpecificAirportsTest" name="verifyNonExistingAirportNotInList" time="0.492"/>
  <testcase classname="controlup.automation.api.tests.VerifySpecificAirportsTest" name="verifySpecificAirportsExist" time="0.513"/>
</testsuite> <!-- All Suite -->
