<?xml version="1.0" encoding="UTF-8"?>
<!-- Generated by org.testng.reporters.JUnitXMLReporter -->
<testsuite ignored="0" hostname="LAPTOP-LP5B192O" failures="0" tests="7" name="API Suite" time="5.087" errors="0" timestamp="2025-09-03T00:23:35 IDT">
  <testcase classname="controlup.automation.api.tests.VerifyAirportCountTest" name="verifyAirportsCount" time="1.728"/>
  <testcase classname="controlup.automation.api.tests.VerifyAirportCountTest" name="verifyAirportsInvalidEndpointReturns404" time="0.495"/>
  <testcase classname="controlup.automation.api.tests.VerifyAirportDistanceTest" name="verifyDistanceInvalidCodeReturns422" time="0.509"/>
  <testcase classname="controlup.automation.api.tests.VerifyAirportDistanceTest" name="verifyDistanceKixToNrt" time="0.511"/>
  <testcase classname="controlup.automation.api.tests.VerifyAirportDistanceTest" name="verifyDistanceMissingParamReturns422" time="0.469"/>
  <testcase classname="controlup.automation.api.tests.VerifySpecificAirportsTest" name="verifyNonExistingAirportNotInList" time="0.526"/>
  <testcase classname="controlup.automation.api.tests.VerifySpecificAirportsTest" name="verifySpecificAirportsExist" time="0.521"/>
</testsuite> <!-- API Suite -->
