<?xml version="1.0" encoding="UTF-8"?>
<!-- Generated by org.testng.reporters.JUnitXMLReporter -->
<testsuite ignored="0" hostname="LAPTOP-LP5B192O" failures="0" tests="2" name="UI Suite" time="4.856" errors="0" timestamp="2025-09-03T00:23:30 IDT">
  <testcase classname="controlup.automation.ui.tests.VerifyCartBadgeTest" name="cartBadgeShouldShowOneAfterAddingFirstItem" time="2.751"/>
  <testcase classname="controlup.automation.ui.tests.VerifyInventoryItemsTest" name="verifyInventoryHasSixItems" time="2.06"/>
</testsuite> <!-- UI Suite -->
